# JRE version: OpenJDK Runtime Environment Temurin-21.0.8+9 (21.0.8+9) (build 21.0.8+9-LTS)
# Java VM: OpenJDK 64-Bit Server VM Temurin-21.0.8+9 (21.0.8+9-LTS, mixed mode, sharing, tiered, compressed oops, compressed class ptrs, parallel gc, windows-amd64)
GC Precious Log:
 CardTable entry size: 512
 CPUs: 12 total, 12 available
 Memory: 16095M
 Large Page Support: Disabled
 NUMA Support: Disabled
 Compressed Oops: Enabled (32-bit)
 Alignments: Space 512K, Generation 512K, Heap 2M
 Heap Min Capacity: 100M
 Heap Initial Capacity: 100M
 Heap Max Capacity: 2G
 Pre-touch: Disabled
 Parallel Workers: 10
Heap:
 PSYoungGen      total 17920K, used 5282K [0x00000000d5580000, 0x00000000d7380000, 0x0000000100000000)
  eden space 16896K, 25% used [0x00000000d5580000,0x00000000d59a9108,0x00000000d6600000)
  from space 1024K, 99% used [0x00000000d7180000,0x00000000d727fa60,0x00000000d7280000)
  to   space 1024K, 0% used [0x00000000d7280000,0x00000000d7280000,0x00000000d7380000)
 ParOldGen       total 135680K, used 135631K [0x0000000080000000, 0x0000000088480000, 0x00000000d5580000)
  object space 135680K, 99% used [0x0000000080000000,0x0000000088473c70,0x0000000088480000)
 Metaspace       used 68842K, committed 70272K, reserved 1114112K
  class space    used 7395K, committed 8000K, reserved 1048576K
GC Heap History (20 events):
Event: 9.706 GC heap before
{Heap before GC invocations=41 (full 3):
 PSYoungGen      total 23552K, used 23528K [0x00000000d5580000, 0x00000000d7900000, 0x0000000100000000)
  eden space 16896K, 100% used [0x00000000d5580000,0x00000000d6600000,0x00000000d6600000)
  from space 6656K, 99% used [0x00000000d6a80000,0x00000000d70fa158,0x00000000d7100000)
  to   space 8192K, 0% used [0x00000000d7100000,0x00000000d7100000,0x00000000d7900000)
 ParOldGen       total 91136K, used 90772K [0x0000000080000000, 0x0000000085900000, 0x00000000d5580000)
  object space 91136K, 99% used [0x0000000080000000,0x00000000858a5380,0x0000000085900000)
 Metaspace       used 64878K, committed 66240K, reserved 1114112K
  class space    used 7023K, committed 7616K, reserved 1048576K
}
Event: 9.713 GC heap after
{Heap after GC invocations=41 (full 3):
 PSYoungGen      total 24576K, used 7650K [0x00000000d5580000, 0x00000000d7880000, 0x0000000100000000)
  eden space 16896K, 0% used [0x00000000d5580000,0x00000000d5580000,0x00000000d6600000)
  from space 7680K, 99% used [0x00000000d7100000,0x00000000d7878b98,0x00000000d7880000)
  to   space 8192K, 0% used [0x00000000d6880000,0x00000000d6880000,0x00000000d7080000)
 ParOldGen       total 97280K, used 97147K [0x0000000080000000, 0x0000000085f00000, 0x00000000d5580000)
  object space 97280K, 99% used [0x0000000080000000,0x0000000085edec60,0x0000000085f00000)
 Metaspace       used 64878K, committed 66240K, reserved 1114112K
  class space    used 7023K, committed 7616K, reserved 1048576K
}
Event: 9.742 GC heap before
{Heap before GC invocations=42 (full 3):
 PSYoungGen      total 24576K, used 24546K [0x00000000d5580000, 0x00000000d7880000, 0x0000000100000000)
  eden space 16896K, 100% used [0x00000000d5580000,0x00000000d6600000,0x00000000d6600000)
  from space 7680K, 99% used [0x00000000d7100000,0x00000000d7878b98,0x00000000d7880000)
  to   space 8192K, 0% used [0x00000000d6880000,0x00000000d6880000,0x00000000d7080000)
 ParOldGen       total 97280K, used 97147K [0x0000000080000000, 0x0000000085f00000, 0x00000000d5580000)
  object space 97280K, 99% used [0x0000000080000000,0x0000000085edec78,0x0000000085f00000)
 Metaspace       used 64905K, committed 66304K, reserved 1114112K
  class space    used 7024K, committed 7616K, reserved 1048576K
}
Event: 9.750 GC heap after
{Heap after GC invocations=42 (full 3):
 PSYoungGen      total 25088K, used 8172K [0x00000000d5580000, 0x00000000d8a00000, 0x0000000100000000)
  eden space 16896K, 0% used [0x00000000d5580000,0x00000000d5580000,0x00000000d6600000)
  from space 8192K, 99% used [0x00000000d6880000,0x00000000d707b2f0,0x00000000d7080000)
  to   space 18432K, 0% used [0x00000000d7800000,0x00000000d7800000,0x00000000d8a00000)
 ParOldGen       total 105984K, used 105718K [0x0000000080000000, 0x0000000086780000, 0x00000000d5580000)
  object space 105984K, 99% used [0x0000000080000000,0x000000008673d9f8,0x0000000086780000)
 Metaspace       used 64905K, committed 66304K, reserved 1114112K
  class space    used 7024K, committed 7616K, reserved 1048576K
}
Event: 9.794 GC heap before
{Heap before GC invocations=43 (full 3):
 PSYoungGen      total 25088K, used 25068K [0x00000000d5580000, 0x00000000d8a00000, 0x0000000100000000)
  eden space 16896K, 100% used [0x00000000d5580000,0x00000000d6600000,0x00000000d6600000)
  from space 8192K, 99% used [0x00000000d6880000,0x00000000d707b2f0,0x00000000d7080000)
  to   space 18432K, 0% used [0x00000000d7800000,0x00000000d7800000,0x00000000d8a00000)
 ParOldGen       total 105984K, used 105720K [0x0000000080000000, 0x0000000086780000, 0x00000000d5580000)
  object space 105984K, 99% used [0x0000000080000000,0x000000008673e2d8,0x0000000086780000)
 Metaspace       used 65102K, committed 66432K, reserved 1114112K
  class space    used 7036K, committed 7616K, reserved 1048576K
}
Event: 9.804 GC heap after
{Heap after GC invocations=43 (full 3):
 PSYoungGen      total 25088K, used 8095K [0x00000000d5580000, 0x00000000d8000000, 0x0000000100000000)
  eden space 16896K, 0% used [0x00000000d5580000,0x00000000d5580000,0x00000000d6600000)
  from space 8192K, 98% used [0x00000000d7800000,0x00000000d7fe7cb8,0x00000000d8000000)
  to   space 11264K, 0% used [0x00000000d6a00000,0x00000000d6a00000,0x00000000d7500000)
 ParOldGen       total 113664K, used 113514K [0x0000000080000000, 0x0000000086f00000, 0x00000000d5580000)
  object space 113664K, 99% used [0x0000000080000000,0x0000000086edaab0,0x0000000086f00000)
 Metaspace       used 65102K, committed 66432K, reserved 1114112K
  class space    used 7036K, committed 7616K, reserved 1048576K
}
Event: 9.868 GC heap before
{Heap before GC invocations=44 (full 3):
 PSYoungGen      total 25088K, used 24991K [0x00000000d5580000, 0x00000000d8000000, 0x0000000100000000)
  eden space 16896K, 100% used [0x00000000d5580000,0x00000000d6600000,0x00000000d6600000)
  from space 8192K, 98% used [0x00000000d7800000,0x00000000d7fe7cb8,0x00000000d8000000)
  to   space 11264K, 0% used [0x00000000d6a00000,0x00000000d6a00000,0x00000000d7500000)
 ParOldGen       total 113664K, used 113514K [0x0000000080000000, 0x0000000086f00000, 0x00000000d5580000)
  object space 113664K, 99% used [0x0000000080000000,0x0000000086edaab0,0x0000000086f00000)
 Metaspace       used 65187K, committed 66560K, reserved 1114112K
  class space    used 7042K, committed 7616K, reserved 1048576K
}
Event: 9.878 GC heap after
{Heap after GC invocations=44 (full 3):
 PSYoungGen      total 27136K, used 10080K [0x00000000d5580000, 0x00000000d7b00000, 0x0000000100000000)
  eden space 16896K, 0% used [0x00000000d5580000,0x00000000d5580000,0x00000000d6600000)
  from space 10240K, 98% used [0x00000000d6a00000,0x00000000d73d8000,0x00000000d7400000)
  to   space 7168K, 0% used [0x00000000d7400000,0x00000000d7400000,0x00000000d7b00000)
 ParOldGen       total 121856K, used 121401K [0x0000000080000000, 0x0000000087700000, 0x00000000d5580000)
  object space 121856K, 99% used [0x0000000080000000,0x000000008768e778,0x0000000087700000)
 Metaspace       used 65187K, committed 66560K, reserved 1114112K
  class space    used 7042K, committed 7616K, reserved 1048576K
}
Event: 10.044 GC heap before
{Heap before GC invocations=45 (full 3):
 PSYoungGen      total 27136K, used 26976K [0x00000000d5580000, 0x00000000d7b00000, 0x0000000100000000)
  eden space 16896K, 100% used [0x00000000d5580000,0x00000000d6600000,0x00000000d6600000)
  from space 10240K, 98% used [0x00000000d6a00000,0x00000000d73d8000,0x00000000d7400000)
  to   space 7168K, 0% used [0x00000000d7400000,0x00000000d7400000,0x00000000d7b00000)
 ParOldGen       total 121856K, used 121401K [0x0000000080000000, 0x0000000087700000, 0x00000000d5580000)
  object space 121856K, 99% used [0x0000000080000000,0x000000008768e778,0x0000000087700000)
 Metaspace       used 66012K, committed 67392K, reserved 1114112K
  class space    used 7109K, committed 7744K, reserved 1048576K
}
Event: 10.052 GC heap after
{Heap after GC invocations=45 (full 3):
 PSYoungGen      total 17920K, used 1009K [0x00000000d5580000, 0x00000000d7500000, 0x0000000100000000)
  eden space 16896K, 0% used [0x00000000d5580000,0x00000000d5580000,0x00000000d6600000)
  from space 1024K, 98% used [0x00000000d7400000,0x00000000d74fc4c0,0x00000000d7500000)
  to   space 4608K, 0% used [0x00000000d6c00000,0x00000000d6c00000,0x00000000d7080000)
 ParOldGen       total 131584K, used 131285K [0x0000000080000000, 0x0000000088080000, 0x00000000d5580000)
  object space 131584K, 99% used [0x0000000080000000,0x0000000088035788,0x0000000088080000)
 Metaspace       used 66012K, committed 67392K, reserved 1114112K
  class space    used 7109K, committed 7744K, reserved 1048576K
}
Event: 10.150 GC heap before
{Heap before GC invocations=46 (full 3):
 PSYoungGen      total 17920K, used 17905K [0x00000000d5580000, 0x00000000d7500000, 0x0000000100000000)
  eden space 16896K, 100% used [0x00000000d5580000,0x00000000d6600000,0x00000000d6600000)
  from space 1024K, 98% used [0x00000000d7400000,0x00000000d74fc4c0,0x00000000d7500000)
  to   space 4608K, 0% used [0x00000000d6c00000,0x00000000d6c00000,0x00000000d7080000)
 ParOldGen       total 131584K, used 131285K [0x0000000080000000, 0x0000000088080000, 0x00000000d5580000)
  object space 131584K, 99% used [0x0000000080000000,0x0000000088035788,0x0000000088080000)
 Metaspace       used 66583K, committed 68032K, reserved 1114112K
  class space    used 7175K, committed 7808K, reserved 1048576K
}
Event: 10.152 GC heap after
{Heap after GC invocations=46 (full 3):
 PSYoungGen      total 21504K, used 880K [0x00000000d5580000, 0x00000000d7480000, 0x0000000100000000)
  eden space 16896K, 0% used [0x00000000d5580000,0x00000000d5580000,0x00000000d6600000)
  from space 4608K, 19% used [0x00000000d6c00000,0x00000000d6cdc030,0x00000000d7080000)
  to   space 1536K, 0% used [0x00000000d7300000,0x00000000d7300000,0x00000000d7480000)
 ParOldGen       total 132096K, used 132042K [0x0000000080000000, 0x0000000088100000, 0x00000000d5580000)
  object space 132096K, 99% used [0x0000000080000000,0x00000000880f2ab0,0x0000000088100000)
 Metaspace       used 66583K, committed 68032K, reserved 1114112K
  class space    used 7175K, committed 7808K, reserved 1048576K
}
Event: 10.361 GC heap before
{Heap before GC invocations=47 (full 3):
 PSYoungGen      total 21504K, used 17776K [0x00000000d5580000, 0x00000000d7480000, 0x0000000100000000)
  eden space 16896K, 100% used [0x00000000d5580000,0x00000000d6600000,0x00000000d6600000)
  from space 4608K, 19% used [0x00000000d6c00000,0x00000000d6cdc030,0x00000000d7080000)
  to   space 1536K, 0% used [0x00000000d7300000,0x00000000d7300000,0x00000000d7480000)
 ParOldGen       total 132096K, used 132042K [0x0000000080000000, 0x0000000088100000, 0x00000000d5580000)
  object space 132096K, 99% used [0x0000000080000000,0x00000000880f2ab0,0x0000000088100000)
 Metaspace       used 67764K, committed 69248K, reserved 1114112K
  class space    used 7342K, committed 8000K, reserved 1048576K
}
Event: 10.362 GC heap after
{Heap after GC invocations=47 (full 3):
 PSYoungGen      total 17920K, used 825K [0x00000000d5580000, 0x00000000d7400000, 0x0000000100000000)
  eden space 16896K, 0% used [0x00000000d5580000,0x00000000d5580000,0x00000000d6600000)
  from space 1024K, 80% used [0x00000000d7300000,0x00000000d73ce470,0x00000000d7400000)
  to   space 1024K, 0% used [0x00000000d7200000,0x00000000d7200000,0x00000000d7300000)
 ParOldGen       total 132608K, used 132452K [0x0000000080000000, 0x0000000088180000, 0x00000000d5580000)
  object space 132608K, 99% used [0x0000000080000000,0x0000000088159148,0x0000000088180000)
 Metaspace       used 67764K, committed 69248K, reserved 1114112K
  class space    used 7342K, committed 8000K, reserved 1048576K
}
Event: 10.725 GC heap before
{Heap before GC invocations=48 (full 3):
 PSYoungGen      total 17920K, used 17721K [0x00000000d5580000, 0x00000000d7400000, 0x0000000100000000)
  eden space 16896K, 100% used [0x00000000d5580000,0x00000000d6600000,0x00000000d6600000)
  from space 1024K, 80% used [0x00000000d7300000,0x00000000d73ce470,0x00000000d7400000)
  to   space 1024K, 0% used [0x00000000d7200000,0x00000000d7200000,0x00000000d7300000)
 ParOldGen       total 132608K, used 132452K [0x0000000080000000, 0x0000000088180000, 0x00000000d5580000)
  object space 132608K, 99% used [0x0000000080000000,0x0000000088159148,0x0000000088180000)
 Metaspace       used 68000K, committed 69504K, reserved 1114112K
  class space    used 7345K, committed 8000K, reserved 1048576K
}
Event: 10.727 GC heap after
{Heap after GC invocations=48 (full 3):
 PSYoungGen      total 17920K, used 672K [0x00000000d5580000, 0x00000000d7380000, 0x0000000100000000)
  eden space 16896K, 0% used [0x00000000d5580000,0x00000000d5580000,0x00000000d6600000)
  from space 1024K, 65% used [0x00000000d7200000,0x00000000d72a8010,0x00000000d7300000)
  to   space 512K, 0% used [0x00000000d7300000,0x00000000d7300000,0x00000000d7380000)
 ParOldGen       total 133120K, used 132941K [0x0000000080000000, 0x0000000088200000, 0x00000000d5580000)
  object space 133120K, 99% used [0x0000000080000000,0x00000000881d35b8,0x0000000088200000)
 Metaspace       used 68000K, committed 69504K, reserved 1114112K
  class space    used 7345K, committed 8000K, reserved 1048576K
}
Event: 11.196 GC heap before
{Heap before GC invocations=49 (full 3):
 PSYoungGen      total 17920K, used 17568K [0x00000000d5580000, 0x00000000d7380000, 0x0000000100000000)
  eden space 16896K, 100% used [0x00000000d5580000,0x00000000d6600000,0x00000000d6600000)
  from space 1024K, 65% used [0x00000000d7200000,0x00000000d72a8010,0x00000000d7300000)
  to   space 512K, 0% used [0x00000000d7300000,0x00000000d7300000,0x00000000d7380000)
 ParOldGen       total 133120K, used 132941K [0x0000000080000000, 0x0000000088200000, 0x00000000d5580000)
  object space 133120K, 99% used [0x0000000080000000,0x00000000881d35b8,0x0000000088200000)
 Metaspace       used 68185K, committed 69696K, reserved 1114112K
  class space    used 7350K, committed 8000K, reserved 1048576K
}
Event: 11.197 GC heap after
{Heap after GC invocations=49 (full 3):
 PSYoungGen      total 17408K, used 512K [0x00000000d5580000, 0x00000000d7380000, 0x0000000100000000)
  eden space 16896K, 0% used [0x00000000d5580000,0x00000000d5580000,0x00000000d6600000)
  from space 512K, 100% used [0x00000000d7300000,0x00000000d7380000,0x00000000d7380000)
  to   space 1024K, 0% used [0x00000000d7180000,0x00000000d7180000,0x00000000d7280000)
 ParOldGen       total 133632K, used 133357K [0x0000000080000000, 0x0000000088280000, 0x00000000d5580000)
  object space 133632K, 99% used [0x0000000080000000,0x000000008823b5c8,0x0000000088280000)
 Metaspace       used 68185K, committed 69696K, reserved 1114112K
  class space    used 7350K, committed 8000K, reserved 1048576K
}
Event: 22.775 GC heap before
{Heap before GC invocations=50 (full 3):
 PSYoungGen      total 17408K, used 17407K [0x00000000d5580000, 0x00000000d7380000, 0x0000000100000000)
  eden space 16896K, 99% used [0x00000000d5580000,0x00000000d65ffff8,0x00000000d6600000)
  from space 512K, 100% used [0x00000000d7300000,0x00000000d7380000,0x00000000d7380000)
  to   space 1024K, 0% used [0x00000000d7180000,0x00000000d7180000,0x00000000d7280000)
 ParOldGen       total 133632K, used 133357K [0x0000000080000000, 0x0000000088280000, 0x00000000d5580000)
  object space 133632K, 99% used [0x0000000080000000,0x000000008823b5c8,0x0000000088280000)
 Metaspace       used 68520K, committed 69952K, reserved 1114112K
  class space    used 7381K, committed 8000K, reserved 1048576K
}
Event: 22.777 GC heap after
{Heap after GC invocations=50 (full 3):
 PSYoungGen      total 17920K, used 1022K [0x00000000d5580000, 0x00000000d7380000, 0x0000000100000000)
  eden space 16896K, 0% used [0x00000000d5580000,0x00000000d5580000,0x00000000d6600000)
  from space 1024K, 99% used [0x00000000d7180000,0x00000000d727fa60,0x00000000d7280000)
  to   space 1024K, 0% used [0x00000000d7280000,0x00000000d7280000,0x00000000d7380000)
 ParOldGen       total 135680K, used 135631K [0x0000000080000000, 0x0000000088480000, 0x00000000d5580000)
  object space 135680K, 99% used [0x0000000080000000,0x0000000088473c70,0x0000000088480000)
 Metaspace       used 68520K, committed 69952K, reserved 1114112K
  class space    used 7381K, committed 8000K, reserved 1048576K
}

