# JRE version: OpenJDK Runtime Environment Temurin-21.0.8+9 (21.0.8+9) (build 21.0.8+9-LTS)
# Java VM: OpenJDK 64-Bit Server VM Temurin-21.0.8+9 (21.0.8+9-LTS, mixed mode, sharing, tiered, compressed oops, compressed class ptrs, parallel gc, windows-amd64)
GC Precious Log:
 CardTable entry size: 512
 CPUs: 12 total, 12 available
 Memory: 16095M
 Large Page Support: Disabled
 NUMA Support: Disabled
 Compressed Oops: Enabled (32-bit)
 Alignments: Space 512K, Generation 512K, Heap 2M
 Heap Min Capacity: 100M
 Heap Initial Capacity: 100M
 Heap Max Capacity: 2G
 Pre-touch: Disabled
 Parallel Workers: 10
Heap:
 PSYoungGen      total 19456K, used 4095K [0x00000000d5580000, 0x00000000d6b80000, 0x0000000100000000)
  eden space 18432K, 16% used [0x00000000d5580000,0x00000000d5883d80,0x00000000d6780000)
  from space 1024K, 98% used [0x00000000d6a80000,0x00000000d6b7c010,0x00000000d6b80000)
  to   space 1536K, 0% used [0x00000000d6880000,0x00000000d6880000,0x00000000d6a00000)
 ParOldGen       total 68608K, used 47360K [0x0000000080000000, 0x0000000084300000, 0x00000000d5580000)
  object space 68608K, 69% used [0x0000000080000000,0x0000000082e40298,0x0000000084300000)
 Metaspace       used 63340K, committed 64768K, reserved 1114112K
  class space    used 6772K, committed 7424K, reserved 1048576K
GC Heap History (20 events):
Event: 9.898 GC heap before
{Heap before GC invocations=30 (full 2):
 PSYoungGen      total 20480K, used 18752K [0x00000000d5580000, 0x00000000d6c00000, 0x0000000100000000)
  eden space 18432K, 100% used [0x00000000d5580000,0x00000000d6780000,0x00000000d6780000)
  from space 2048K, 15% used [0x00000000d6880000,0x00000000d68d0000,0x00000000d6a80000)
  to   space 1024K, 0% used [0x00000000d6b00000,0x00000000d6b00000,0x00000000d6c00000)
 ParOldGen       total 68608K, used 39962K [0x0000000080000000, 0x0000000084300000, 0x00000000d5580000)
  object space 68608K, 58% used [0x0000000080000000,0x0000000082706990,0x0000000084300000)
 Metaspace       used 51753K, committed 52992K, reserved 1114112K
  class space    used 5614K, committed 6144K, reserved 1048576K
}
Event: 9.900 GC heap after
{Heap after GC invocations=30 (full 2):
 PSYoungGen      total 18944K, used 480K [0x00000000d5580000, 0x00000000d6b80000, 0x0000000100000000)
  eden space 18432K, 0% used [0x00000000d5580000,0x00000000d5580000,0x00000000d6780000)
  from space 512K, 93% used [0x00000000d6b00000,0x00000000d6b78000,0x00000000d6b80000)
  to   space 1024K, 0% used [0x00000000d6980000,0x00000000d6980000,0x00000000d6a80000)
 ParOldGen       total 68608K, used 40122K [0x0000000080000000, 0x0000000084300000, 0x00000000d5580000)
  object space 68608K, 58% used [0x0000000080000000,0x000000008272e990,0x0000000084300000)
 Metaspace       used 51753K, committed 52992K, reserved 1114112K
  class space    used 5614K, committed 6144K, reserved 1048576K
}
Event: 10.460 GC heap before
{Heap before GC invocations=31 (full 2):
 PSYoungGen      total 18944K, used 18902K [0x00000000d5580000, 0x00000000d6b80000, 0x0000000100000000)
  eden space 18432K, 99% used [0x00000000d5580000,0x00000000d677d910,0x00000000d6780000)
  from space 512K, 93% used [0x00000000d6b00000,0x00000000d6b78000,0x00000000d6b80000)
  to   space 1024K, 0% used [0x00000000d6980000,0x00000000d6980000,0x00000000d6a80000)
 ParOldGen       total 68608K, used 40122K [0x0000000080000000, 0x0000000084300000, 0x00000000d5580000)
  object space 68608K, 58% used [0x0000000080000000,0x000000008272e990,0x0000000084300000)
 Metaspace       used 53788K, committed 55104K, reserved 1114112K
  class space    used 5772K, committed 6336K, reserved 1048576K
}
Event: 10.462 GC heap after
{Heap after GC invocations=31 (full 2):
 PSYoungGen      total 19456K, used 941K [0x00000000d5580000, 0x00000000d6b80000, 0x0000000100000000)
  eden space 18432K, 0% used [0x00000000d5580000,0x00000000d5580000,0x00000000d6780000)
  from space 1024K, 91% used [0x00000000d6980000,0x00000000d6a6b790,0x00000000d6a80000)
  to   space 1024K, 0% used [0x00000000d6a80000,0x00000000d6a80000,0x00000000d6b80000)
 ParOldGen       total 68608K, used 40370K [0x0000000080000000, 0x0000000084300000, 0x00000000d5580000)
  object space 68608K, 58% used [0x0000000080000000,0x000000008276c990,0x0000000084300000)
 Metaspace       used 53788K, committed 55104K, reserved 1114112K
  class space    used 5772K, committed 6336K, reserved 1048576K
}
Event: 11.127 GC heap before
{Heap before GC invocations=32 (full 2):
 PSYoungGen      total 19456K, used 19348K [0x00000000d5580000, 0x00000000d6b80000, 0x0000000100000000)
  eden space 18432K, 99% used [0x00000000d5580000,0x00000000d6779b30,0x00000000d6780000)
  from space 1024K, 91% used [0x00000000d6980000,0x00000000d6a6b790,0x00000000d6a80000)
  to   space 1024K, 0% used [0x00000000d6a80000,0x00000000d6a80000,0x00000000d6b80000)
 ParOldGen       total 68608K, used 40370K [0x0000000080000000, 0x0000000084300000, 0x00000000d5580000)
  object space 68608K, 58% used [0x0000000080000000,0x000000008276c990,0x0000000084300000)
 Metaspace       used 56107K, committed 57408K, reserved 1114112K
  class space    used 6031K, committed 6592K, reserved 1048576K
}
Event: 11.131 GC heap after
{Heap after GC invocations=32 (full 2):
 PSYoungGen      total 19456K, used 944K [0x00000000d5580000, 0x00000000d6b80000, 0x0000000100000000)
  eden space 18432K, 0% used [0x00000000d5580000,0x00000000d5580000,0x00000000d6780000)
  from space 1024K, 92% used [0x00000000d6a80000,0x00000000d6b6c020,0x00000000d6b80000)
  to   space 1024K, 0% used [0x00000000d6980000,0x00000000d6980000,0x00000000d6a80000)
 ParOldGen       total 68608K, used 40897K [0x0000000080000000, 0x0000000084300000, 0x00000000d5580000)
  object space 68608K, 59% used [0x0000000080000000,0x00000000827f0510,0x0000000084300000)
 Metaspace       used 56107K, committed 57408K, reserved 1114112K
  class space    used 6031K, committed 6592K, reserved 1048576K
}
Event: 11.590 GC heap before
{Heap before GC invocations=33 (full 2):
 PSYoungGen      total 19456K, used 19376K [0x00000000d5580000, 0x00000000d6b80000, 0x0000000100000000)
  eden space 18432K, 100% used [0x00000000d5580000,0x00000000d6780000,0x00000000d6780000)
  from space 1024K, 92% used [0x00000000d6a80000,0x00000000d6b6c020,0x00000000d6b80000)
  to   space 1024K, 0% used [0x00000000d6980000,0x00000000d6980000,0x00000000d6a80000)
 ParOldGen       total 68608K, used 40897K [0x0000000080000000, 0x0000000084300000, 0x00000000d5580000)
  object space 68608K, 59% used [0x0000000080000000,0x00000000827f0510,0x0000000084300000)
 Metaspace       used 58320K, committed 59648K, reserved 1114112K
  class space    used 6263K, committed 6848K, reserved 1048576K
}
Event: 11.592 GC heap after
{Heap after GC invocations=33 (full 2):
 PSYoungGen      total 19456K, used 993K [0x00000000d5580000, 0x00000000d6d80000, 0x0000000100000000)
  eden space 18432K, 0% used [0x00000000d5580000,0x00000000d5580000,0x00000000d6780000)
  from space 1024K, 97% used [0x00000000d6980000,0x00000000d6a787e0,0x00000000d6a80000)
  to   space 3072K, 0% used [0x00000000d6a80000,0x00000000d6a80000,0x00000000d6d80000)
 ParOldGen       total 68608K, used 42304K [0x0000000080000000, 0x0000000084300000, 0x00000000d5580000)
  object space 68608K, 61% used [0x0000000080000000,0x0000000082950098,0x0000000084300000)
 Metaspace       used 58320K, committed 59648K, reserved 1114112K
  class space    used 6263K, committed 6848K, reserved 1048576K
}
Event: 11.601 GC heap before
{Heap before GC invocations=34 (full 2):
 PSYoungGen      total 19456K, used 1903K [0x00000000d5580000, 0x00000000d6d80000, 0x0000000100000000)
  eden space 18432K, 4% used [0x00000000d5580000,0x00000000d5663630,0x00000000d6780000)
  from space 1024K, 97% used [0x00000000d6980000,0x00000000d6a787e0,0x00000000d6a80000)
  to   space 3072K, 0% used [0x00000000d6a80000,0x00000000d6a80000,0x00000000d6d80000)
 ParOldGen       total 68608K, used 42304K [0x0000000080000000, 0x0000000084300000, 0x00000000d5580000)
  object space 68608K, 61% used [0x0000000080000000,0x0000000082950098,0x0000000084300000)
 Metaspace       used 58447K, committed 59776K, reserved 1114112K
  class space    used 6274K, committed 6848K, reserved 1048576K
}
Event: 11.604 GC heap after
{Heap after GC invocations=34 (full 2):
 PSYoungGen      total 18944K, used 160K [0x00000000d5580000, 0x00000000d6b00000, 0x0000000100000000)
  eden space 18432K, 0% used [0x00000000d5580000,0x00000000d5580000,0x00000000d6780000)
  from space 512K, 31% used [0x00000000d6a80000,0x00000000d6aa8000,0x00000000d6b00000)
  to   space 1024K, 0% used [0x00000000d6900000,0x00000000d6900000,0x00000000d6a00000)
 ParOldGen       total 68608K, used 43293K [0x0000000080000000, 0x0000000084300000, 0x00000000d5580000)
  object space 68608K, 63% used [0x0000000080000000,0x0000000082a47410,0x0000000084300000)
 Metaspace       used 58447K, committed 59776K, reserved 1114112K
  class space    used 6274K, committed 6848K, reserved 1048576K
}
Event: 11.604 GC heap before
{Heap before GC invocations=35 (full 3):
 PSYoungGen      total 18944K, used 160K [0x00000000d5580000, 0x00000000d6b00000, 0x0000000100000000)
  eden space 18432K, 0% used [0x00000000d5580000,0x00000000d5580000,0x00000000d6780000)
  from space 512K, 31% used [0x00000000d6a80000,0x00000000d6aa8000,0x00000000d6b00000)
  to   space 1024K, 0% used [0x00000000d6900000,0x00000000d6900000,0x00000000d6a00000)
 ParOldGen       total 68608K, used 43293K [0x0000000080000000, 0x0000000084300000, 0x00000000d5580000)
  object space 68608K, 63% used [0x0000000080000000,0x0000000082a47410,0x0000000084300000)
 Metaspace       used 58447K, committed 59776K, reserved 1114112K
  class space    used 6274K, committed 6848K, reserved 1048576K
}
Event: 11.693 GC heap after
{Heap after GC invocations=35 (full 3):
 PSYoungGen      total 18944K, used 0K [0x00000000d5580000, 0x00000000d6b00000, 0x0000000100000000)
  eden space 18432K, 0% used [0x00000000d5580000,0x00000000d5580000,0x00000000d6780000)
  from space 512K, 0% used [0x00000000d6a80000,0x00000000d6a80000,0x00000000d6b00000)
  to   space 1024K, 0% used [0x00000000d6900000,0x00000000d6900000,0x00000000d6a00000)
 ParOldGen       total 68608K, used 40467K [0x0000000080000000, 0x0000000084300000, 0x00000000d5580000)
  object space 68608K, 58% used [0x0000000080000000,0x0000000082784c18,0x0000000084300000)
 Metaspace       used 58447K, committed 59776K, reserved 1114112K
  class space    used 6274K, committed 6848K, reserved 1048576K
}
Event: 11.959 GC heap before
{Heap before GC invocations=36 (full 3):
 PSYoungGen      total 18944K, used 18421K [0x00000000d5580000, 0x00000000d6b00000, 0x0000000100000000)
  eden space 18432K, 99% used [0x00000000d5580000,0x00000000d677d578,0x00000000d6780000)
  from space 512K, 0% used [0x00000000d6a80000,0x00000000d6a80000,0x00000000d6b00000)
  to   space 1024K, 0% used [0x00000000d6900000,0x00000000d6900000,0x00000000d6a00000)
 ParOldGen       total 68608K, used 40467K [0x0000000080000000, 0x0000000084300000, 0x00000000d5580000)
  object space 68608K, 58% used [0x0000000080000000,0x0000000082784c18,0x0000000084300000)
 Metaspace       used 59473K, committed 60864K, reserved 1114112K
  class space    used 6364K, committed 6976K, reserved 1048576K
}
Event: 11.962 GC heap after
{Heap after GC invocations=36 (full 3):
 PSYoungGen      total 19456K, used 1018K [0x00000000d5580000, 0x00000000d7080000, 0x0000000100000000)
  eden space 18432K, 0% used [0x00000000d5580000,0x00000000d5580000,0x00000000d6780000)
  from space 1024K, 99% used [0x00000000d6900000,0x00000000d69febd8,0x00000000d6a00000)
  to   space 4608K, 0% used [0x00000000d6c00000,0x00000000d6c00000,0x00000000d7080000)
 ParOldGen       total 68608K, used 43252K [0x0000000080000000, 0x0000000084300000, 0x00000000d5580000)
  object space 68608K, 63% used [0x0000000080000000,0x0000000082a3d080,0x0000000084300000)
 Metaspace       used 59473K, committed 60864K, reserved 1114112K
  class space    used 6364K, committed 6976K, reserved 1048576K
}
Event: 12.234 GC heap before
{Heap before GC invocations=37 (full 3):
 PSYoungGen      total 19456K, used 19450K [0x00000000d5580000, 0x00000000d7080000, 0x0000000100000000)
  eden space 18432K, 100% used [0x00000000d5580000,0x00000000d6780000,0x00000000d6780000)
  from space 1024K, 99% used [0x00000000d6900000,0x00000000d69febd8,0x00000000d6a00000)
  to   space 4608K, 0% used [0x00000000d6c00000,0x00000000d6c00000,0x00000000d7080000)
 ParOldGen       total 68608K, used 43252K [0x0000000080000000, 0x0000000084300000, 0x00000000d5580000)
  object space 68608K, 63% used [0x0000000080000000,0x0000000082a3d080,0x0000000084300000)
 Metaspace       used 60397K, committed 61760K, reserved 1114112K
  class space    used 6445K, committed 7040K, reserved 1048576K
}
Event: 12.238 GC heap after
{Heap after GC invocations=37 (full 3):
 PSYoungGen      total 22016K, used 3288K [0x00000000d5580000, 0x00000000d6f80000, 0x0000000100000000)
  eden space 18432K, 0% used [0x00000000d5580000,0x00000000d5580000,0x00000000d6780000)
  from space 3584K, 91% used [0x00000000d6c00000,0x00000000d6f36108,0x00000000d6f80000)
  to   space 3584K, 0% used [0x00000000d6880000,0x00000000d6880000,0x00000000d6c00000)
 ParOldGen       total 68608K, used 44063K [0x0000000080000000, 0x0000000084300000, 0x00000000d5580000)
  object space 68608K, 64% used [0x0000000080000000,0x0000000082b07cf8,0x0000000084300000)
 Metaspace       used 60397K, committed 61760K, reserved 1114112K
  class space    used 6445K, committed 7040K, reserved 1048576K
}
Event: 12.444 GC heap before
{Heap before GC invocations=38 (full 3):
 PSYoungGen      total 22016K, used 21720K [0x00000000d5580000, 0x00000000d6f80000, 0x0000000100000000)
  eden space 18432K, 100% used [0x00000000d5580000,0x00000000d6780000,0x00000000d6780000)
  from space 3584K, 91% used [0x00000000d6c00000,0x00000000d6f36108,0x00000000d6f80000)
  to   space 3584K, 0% used [0x00000000d6880000,0x00000000d6880000,0x00000000d6c00000)
 ParOldGen       total 68608K, used 44063K [0x0000000080000000, 0x0000000084300000, 0x00000000d5580000)
  object space 68608K, 64% used [0x0000000080000000,0x0000000082b07cf8,0x0000000084300000)
 Metaspace       used 61388K, committed 62784K, reserved 1114112K
  class space    used 6539K, committed 7168K, reserved 1048576K
}
Event: 12.448 GC heap after
{Heap after GC invocations=38 (full 3):
 PSYoungGen      total 20480K, used 1808K [0x00000000d5580000, 0x00000000d6c80000, 0x0000000100000000)
  eden space 18432K, 0% used [0x00000000d5580000,0x00000000d5580000,0x00000000d6780000)
  from space 2048K, 88% used [0x00000000d6880000,0x00000000d6a44148,0x00000000d6a80000)
  to   space 2048K, 0% used [0x00000000d6a80000,0x00000000d6a80000,0x00000000d6c80000)
 ParOldGen       total 68608K, used 46776K [0x0000000080000000, 0x0000000084300000, 0x00000000d5580000)
  object space 68608K, 68% used [0x0000000080000000,0x0000000082dae090,0x0000000084300000)
 Metaspace       used 61388K, committed 62784K, reserved 1114112K
  class space    used 6539K, committed 7168K, reserved 1048576K
}
Event: 18.023 GC heap before
{Heap before GC invocations=39 (full 3):
 PSYoungGen      total 20480K, used 20240K [0x00000000d5580000, 0x00000000d6c80000, 0x0000000100000000)
  eden space 18432K, 100% used [0x00000000d5580000,0x00000000d6780000,0x00000000d6780000)
  from space 2048K, 88% used [0x00000000d6880000,0x00000000d6a44148,0x00000000d6a80000)
  to   space 2048K, 0% used [0x00000000d6a80000,0x00000000d6a80000,0x00000000d6c80000)
 ParOldGen       total 68608K, used 46776K [0x0000000080000000, 0x0000000084300000, 0x00000000d5580000)
  object space 68608K, 68% used [0x0000000080000000,0x0000000082dae090,0x0000000084300000)
 Metaspace       used 63233K, committed 64704K, reserved 1114112K
  class space    used 6763K, committed 7424K, reserved 1048576K
}
Event: 18.026 GC heap after
{Heap after GC invocations=39 (full 3):
 PSYoungGen      total 19456K, used 1008K [0x00000000d5580000, 0x00000000d6b80000, 0x0000000100000000)
  eden space 18432K, 0% used [0x00000000d5580000,0x00000000d5580000,0x00000000d6780000)
  from space 1024K, 98% used [0x00000000d6a80000,0x00000000d6b7c010,0x00000000d6b80000)
  to   space 1536K, 0% used [0x00000000d6880000,0x00000000d6880000,0x00000000d6a00000)
 ParOldGen       total 68608K, used 47360K [0x0000000080000000, 0x0000000084300000, 0x00000000d5580000)
  object space 68608K, 69% used [0x0000000080000000,0x0000000082e40298,0x0000000084300000)
 Metaspace       used 63233K, committed 64704K, reserved 1114112K
  class space    used 6763K, committed 7424K, reserved 1048576K
}

