# JRE version: OpenJDK Runtime Environment Temurin-21.0.8+9 (21.0.8+9) (build 21.0.8+9-LTS)
# Java VM: OpenJDK 64-Bit Server VM Temurin-21.0.8+9 (21.0.8+9-LTS, mixed mode, sharing, tiered, compressed oops, compressed class ptrs, parallel gc, windows-amd64)
GC Precious Log:
 CardTable entry size: 512
 CPUs: 12 total, 12 available
 Memory: 16095M
 Large Page Support: Disabled
 NUMA Support: Disabled
 Compressed Oops: Enabled (32-bit)
 Alignments: Space 512K, Generation 512K, Heap 2M
 Heap Min Capacity: 100M
 Heap Initial Capacity: 100M
 Heap Max Capacity: 2G
 Pre-touch: Disabled
 Parallel Workers: 10
Heap:
 PSYoungGen      total 19968K, used 1024K [0x00000000d5580000, 0x00000000d6b80000, 0x0000000100000000)
  eden space 18944K, 0% used [0x00000000d5580000,0x00000000d5580000,0x00000000d6800000)
  from space 1024K, 100% used [0x00000000d6a80000,0x00000000d6b80000,0x00000000d6b80000)
  to   space 1536K, 0% used [0x00000000d6900000,0x00000000d6900000,0x00000000d6a80000)
 ParOldGen       total 68608K, used 42496K [0x0000000080000000, 0x0000000084300000, 0x00000000d5580000)
  object space 68608K, 61% used [0x0000000080000000,0x0000000082980090,0x0000000084300000)
 Metaspace       used 60638K, committed 61952K, reserved 1114112K
  class space    used 6471K, committed 7040K, reserved 1048576K
GC Heap History (20 events):
Event: 9.417 GC heap after
{Heap after GC invocations=27 (full 2):
 PSYoungGen      total 21504K, used 2538K [0x00000000d5580000, 0x00000000d7000000, 0x0000000100000000)
  eden space 18944K, 0% used [0x00000000d5580000,0x00000000d5580000,0x00000000d6800000)
  from space 2560K, 99% used [0x00000000d6800000,0x00000000d6a7a938,0x00000000d6a80000)
  to   space 4096K, 0% used [0x00000000d6c00000,0x00000000d6c00000,0x00000000d7000000)
 ParOldGen       total 68608K, used 38147K [0x0000000080000000, 0x0000000084300000, 0x00000000d5580000)
  object space 68608K, 55% used [0x0000000080000000,0x0000000082540c20,0x0000000084300000)
 Metaspace       used 49870K, committed 51008K, reserved 1114112K
  class space    used 5395K, committed 5888K, reserved 1048576K
}
Event: 9.521 GC heap before
{Heap before GC invocations=28 (full 2):
 PSYoungGen      total 21504K, used 21482K [0x00000000d5580000, 0x00000000d7000000, 0x0000000100000000)
  eden space 18944K, 100% used [0x00000000d5580000,0x00000000d6800000,0x00000000d6800000)
  from space 2560K, 99% used [0x00000000d6800000,0x00000000d6a7a938,0x00000000d6a80000)
  to   space 4096K, 0% used [0x00000000d6c00000,0x00000000d6c00000,0x00000000d7000000)
 ParOldGen       total 68608K, used 38147K [0x0000000080000000, 0x0000000084300000, 0x00000000d5580000)
  object space 68608K, 55% used [0x0000000080000000,0x0000000082540c20,0x0000000084300000)
 Metaspace       used 49897K, committed 51136K, reserved 1114112K
  class space    used 5395K, committed 5888K, reserved 1048576K
}
Event: 9.524 GC heap after
{Heap after GC invocations=28 (full 2):
 PSYoungGen      total 20480K, used 1065K [0x00000000d5580000, 0x00000000d6d80000, 0x0000000100000000)
  eden space 18944K, 0% used [0x00000000d5580000,0x00000000d5580000,0x00000000d6800000)
  from space 1536K, 69% used [0x00000000d6c00000,0x00000000d6d0a530,0x00000000d6d80000)
  to   space 2048K, 0% used [0x00000000d6980000,0x00000000d6980000,0x00000000d6b80000)
 ParOldGen       total 68608K, used 39945K [0x0000000080000000, 0x0000000084300000, 0x00000000d5580000)
  object space 68608K, 58% used [0x0000000080000000,0x0000000082702528,0x0000000084300000)
 Metaspace       used 49897K, committed 51136K, reserved 1114112K
  class space    used 5395K, committed 5888K, reserved 1048576K
}
Event: 9.723 GC heap before
{Heap before GC invocations=29 (full 2):
 PSYoungGen      total 20480K, used 20009K [0x00000000d5580000, 0x00000000d6d80000, 0x0000000100000000)
  eden space 18944K, 100% used [0x00000000d5580000,0x00000000d6800000,0x00000000d6800000)
  from space 1536K, 69% used [0x00000000d6c00000,0x00000000d6d0a530,0x00000000d6d80000)
  to   space 2048K, 0% used [0x00000000d6980000,0x00000000d6980000,0x00000000d6b80000)
 ParOldGen       total 68608K, used 39945K [0x0000000080000000, 0x0000000084300000, 0x00000000d5580000)
  object space 68608K, 58% used [0x0000000080000000,0x0000000082702528,0x0000000084300000)
 Metaspace       used 51121K, committed 52288K, reserved 1114112K
  class space    used 5515K, committed 6016K, reserved 1048576K
}
Event: 9.724 GC heap after
{Heap after GC invocations=29 (full 2):
 PSYoungGen      total 20992K, used 320K [0x00000000d5580000, 0x00000000d6c80000, 0x0000000100000000)
  eden space 18944K, 0% used [0x00000000d5580000,0x00000000d5580000,0x00000000d6800000)
  from space 2048K, 15% used [0x00000000d6980000,0x00000000d69d0000,0x00000000d6b80000)
  to   space 1024K, 0% used [0x00000000d6b80000,0x00000000d6b80000,0x00000000d6c80000)
 ParOldGen       total 68608K, used 39961K [0x0000000080000000, 0x0000000084300000, 0x00000000d5580000)
  object space 68608K, 58% used [0x0000000080000000,0x0000000082706528,0x0000000084300000)
 Metaspace       used 51121K, committed 52288K, reserved 1114112K
  class space    used 5515K, committed 6016K, reserved 1048576K
}
Event: 10.233 GC heap before
{Heap before GC invocations=30 (full 2):
 PSYoungGen      total 20992K, used 19264K [0x00000000d5580000, 0x00000000d6c80000, 0x0000000100000000)
  eden space 18944K, 100% used [0x00000000d5580000,0x00000000d6800000,0x00000000d6800000)
  from space 2048K, 15% used [0x00000000d6980000,0x00000000d69d0000,0x00000000d6b80000)
  to   space 1024K, 0% used [0x00000000d6b80000,0x00000000d6b80000,0x00000000d6c80000)
 ParOldGen       total 68608K, used 39961K [0x0000000080000000, 0x0000000084300000, 0x00000000d5580000)
  object space 68608K, 58% used [0x0000000080000000,0x0000000082706528,0x0000000084300000)
 Metaspace       used 51817K, committed 52928K, reserved 1114112K
  class space    used 5617K, committed 6080K, reserved 1048576K
}
Event: 10.235 GC heap after
{Heap after GC invocations=30 (full 2):
 PSYoungGen      total 19456K, used 384K [0x00000000d5580000, 0x00000000d6c00000, 0x0000000100000000)
  eden space 18944K, 0% used [0x00000000d5580000,0x00000000d5580000,0x00000000d6800000)
  from space 512K, 75% used [0x00000000d6b80000,0x00000000d6be0000,0x00000000d6c00000)
  to   space 512K, 0% used [0x00000000d6b00000,0x00000000d6b00000,0x00000000d6b80000)
 ParOldGen       total 68608K, used 40129K [0x0000000080000000, 0x0000000084300000, 0x00000000d5580000)
  object space 68608K, 58% used [0x0000000080000000,0x0000000082730528,0x0000000084300000)
 Metaspace       used 51817K, committed 52928K, reserved 1114112K
  class space    used 5617K, committed 6080K, reserved 1048576K
}
Event: 10.884 GC heap before
{Heap before GC invocations=31 (full 2):
 PSYoungGen      total 19456K, used 19317K [0x00000000d5580000, 0x00000000d6c00000, 0x0000000100000000)
  eden space 18944K, 99% used [0x00000000d5580000,0x00000000d67fd588,0x00000000d6800000)
  from space 512K, 75% used [0x00000000d6b80000,0x00000000d6be0000,0x00000000d6c00000)
  to   space 512K, 0% used [0x00000000d6b00000,0x00000000d6b00000,0x00000000d6b80000)
 ParOldGen       total 68608K, used 40129K [0x0000000080000000, 0x0000000084300000, 0x00000000d5580000)
  object space 68608K, 58% used [0x0000000080000000,0x0000000082730528,0x0000000084300000)
 Metaspace       used 53929K, committed 55104K, reserved 1114112K
  class space    used 5792K, committed 6272K, reserved 1048576K
}
Event: 10.886 GC heap after
{Heap after GC invocations=31 (full 2):
 PSYoungGen      total 19456K, used 504K [0x00000000d5580000, 0x00000000d6c00000, 0x0000000100000000)
  eden space 18944K, 0% used [0x00000000d5580000,0x00000000d5580000,0x00000000d6800000)
  from space 512K, 98% used [0x00000000d6b00000,0x00000000d6b7e1c8,0x00000000d6b80000)
  to   space 512K, 0% used [0x00000000d6b80000,0x00000000d6b80000,0x00000000d6c00000)
 ParOldGen       total 68608K, used 40457K [0x0000000080000000, 0x0000000084300000, 0x00000000d5580000)
  object space 68608K, 58% used [0x0000000080000000,0x0000000082782548,0x0000000084300000)
 Metaspace       used 53929K, committed 55104K, reserved 1114112K
  class space    used 5792K, committed 6272K, reserved 1048576K
}
Event: 11.450 GC heap before
{Heap before GC invocations=32 (full 2):
 PSYoungGen      total 19456K, used 19448K [0x00000000d5580000, 0x00000000d6c00000, 0x0000000100000000)
  eden space 18944K, 100% used [0x00000000d5580000,0x00000000d6800000,0x00000000d6800000)
  from space 512K, 98% used [0x00000000d6b00000,0x00000000d6b7e1c8,0x00000000d6b80000)
  to   space 512K, 0% used [0x00000000d6b80000,0x00000000d6b80000,0x00000000d6c00000)
 ParOldGen       total 68608K, used 40457K [0x0000000080000000, 0x0000000084300000, 0x00000000d5580000)
  object space 68608K, 58% used [0x0000000080000000,0x0000000082782548,0x0000000084300000)
 Metaspace       used 56437K, committed 57728K, reserved 1114112K
  class space    used 6060K, committed 6592K, reserved 1048576K
}
Event: 11.454 GC heap after
{Heap after GC invocations=32 (full 2):
 PSYoungGen      total 19456K, used 494K [0x00000000d5580000, 0x00000000d6c00000, 0x0000000100000000)
  eden space 18944K, 0% used [0x00000000d5580000,0x00000000d5580000,0x00000000d6800000)
  from space 512K, 96% used [0x00000000d6b80000,0x00000000d6bfba40,0x00000000d6c00000)
  to   space 1536K, 0% used [0x00000000d6900000,0x00000000d6900000,0x00000000d6a80000)
 ParOldGen       total 68608K, used 41379K [0x0000000080000000, 0x0000000084300000, 0x00000000d5580000)
  object space 68608K, 60% used [0x0000000080000000,0x0000000082868c58,0x0000000084300000)
 Metaspace       used 56437K, committed 57728K, reserved 1114112K
  class space    used 6060K, committed 6592K, reserved 1048576K
}
Event: 13.962 GC heap before
{Heap before GC invocations=33 (full 2):
 PSYoungGen      total 19456K, used 19436K [0x00000000d5580000, 0x00000000d6c00000, 0x0000000100000000)
  eden space 18944K, 99% used [0x00000000d5580000,0x00000000d67ff7f8,0x00000000d6800000)
  from space 512K, 96% used [0x00000000d6b80000,0x00000000d6bfba40,0x00000000d6c00000)
  to   space 1536K, 0% used [0x00000000d6900000,0x00000000d6900000,0x00000000d6a80000)
 ParOldGen       total 68608K, used 41379K [0x0000000080000000, 0x0000000084300000, 0x00000000d5580000)
  object space 68608K, 60% used [0x0000000080000000,0x0000000082868c58,0x0000000084300000)
 Metaspace       used 58342K, committed 59648K, reserved 1114112K
  class space    used 6260K, committed 6848K, reserved 1048576K
}
Event: 13.966 GC heap after
{Heap after GC invocations=33 (full 2):
 PSYoungGen      total 20480K, used 1517K [0x00000000d5580000, 0x00000000d6e00000, 0x0000000100000000)
  eden space 18944K, 0% used [0x00000000d5580000,0x00000000d5580000,0x00000000d6800000)
  from space 1536K, 98% used [0x00000000d6900000,0x00000000d6a7b5a8,0x00000000d6a80000)
  to   space 3072K, 0% used [0x00000000d6b00000,0x00000000d6b00000,0x00000000d6e00000)
 ParOldGen       total 68608K, used 42359K [0x0000000080000000, 0x0000000084300000, 0x00000000d5580000)
  object space 68608K, 61% used [0x0000000080000000,0x000000008295df08,0x0000000084300000)
 Metaspace       used 58342K, committed 59648K, reserved 1114112K
  class space    used 6260K, committed 6848K, reserved 1048576K
}
Event: 13.999 GC heap before
{Heap before GC invocations=34 (full 2):
 PSYoungGen      total 20480K, used 3053K [0x00000000d5580000, 0x00000000d6e00000, 0x0000000100000000)
  eden space 18944K, 8% used [0x00000000d5580000,0x00000000d56fff08,0x00000000d6800000)
  from space 1536K, 98% used [0x00000000d6900000,0x00000000d6a7b5a8,0x00000000d6a80000)
  to   space 3072K, 0% used [0x00000000d6b00000,0x00000000d6b00000,0x00000000d6e00000)
 ParOldGen       total 68608K, used 42359K [0x0000000080000000, 0x0000000084300000, 0x00000000d5580000)
  object space 68608K, 61% used [0x0000000080000000,0x000000008295df08,0x0000000084300000)
 Metaspace       used 58511K, committed 59776K, reserved 1114112K
  class space    used 6278K, committed 6848K, reserved 1048576K
}
Event: 14.003 GC heap after
{Heap after GC invocations=34 (full 2):
 PSYoungGen      total 19968K, used 600K [0x00000000d5580000, 0x00000000d6c00000, 0x0000000100000000)
  eden space 18944K, 0% used [0x00000000d5580000,0x00000000d5580000,0x00000000d6800000)
  from space 1024K, 58% used [0x00000000d6b00000,0x00000000d6b96178,0x00000000d6c00000)
  to   space 1536K, 0% used [0x00000000d6900000,0x00000000d6900000,0x00000000d6a80000)
 ParOldGen       total 68608K, used 43702K [0x0000000080000000, 0x0000000084300000, 0x00000000d5580000)
  object space 68608K, 63% used [0x0000000080000000,0x0000000082aad9d8,0x0000000084300000)
 Metaspace       used 58511K, committed 59776K, reserved 1114112K
  class space    used 6278K, committed 6848K, reserved 1048576K
}
Event: 14.003 GC heap before
{Heap before GC invocations=35 (full 3):
 PSYoungGen      total 19968K, used 600K [0x00000000d5580000, 0x00000000d6c00000, 0x0000000100000000)
  eden space 18944K, 0% used [0x00000000d5580000,0x00000000d5580000,0x00000000d6800000)
  from space 1024K, 58% used [0x00000000d6b00000,0x00000000d6b96178,0x00000000d6c00000)
  to   space 1536K, 0% used [0x00000000d6900000,0x00000000d6900000,0x00000000d6a80000)
 ParOldGen       total 68608K, used 43702K [0x0000000080000000, 0x0000000084300000, 0x00000000d5580000)
  object space 68608K, 63% used [0x0000000080000000,0x0000000082aad9d8,0x0000000084300000)
 Metaspace       used 58511K, committed 59776K, reserved 1114112K
  class space    used 6278K, committed 6848K, reserved 1048576K
}
Event: 14.109 GC heap after
{Heap after GC invocations=35 (full 3):
 PSYoungGen      total 19968K, used 0K [0x00000000d5580000, 0x00000000d6c00000, 0x0000000100000000)
  eden space 18944K, 0% used [0x00000000d5580000,0x00000000d5580000,0x00000000d6800000)
  from space 1024K, 0% used [0x00000000d6b00000,0x00000000d6b00000,0x00000000d6c00000)
  to   space 1536K, 0% used [0x00000000d6900000,0x00000000d6900000,0x00000000d6a80000)
 ParOldGen       total 68608K, used 41203K [0x0000000080000000, 0x0000000084300000, 0x00000000d5580000)
  object space 68608K, 60% used [0x0000000080000000,0x000000008283ce98,0x0000000084300000)
 Metaspace       used 58511K, committed 59776K, reserved 1114112K
  class space    used 6278K, committed 6848K, reserved 1048576K
}
Event: 16.351 GC heap before
{Heap before GC invocations=36 (full 3):
 PSYoungGen      total 19968K, used 18944K [0x00000000d5580000, 0x00000000d6c00000, 0x0000000100000000)
  eden space 18944K, 100% used [0x00000000d5580000,0x00000000d6800000,0x00000000d6800000)
  from space 1024K, 0% used [0x00000000d6b00000,0x00000000d6b00000,0x00000000d6c00000)
  to   space 1536K, 0% used [0x00000000d6900000,0x00000000d6900000,0x00000000d6a80000)
 ParOldGen       total 68608K, used 41203K [0x0000000080000000, 0x0000000084300000, 0x00000000d5580000)
  object space 68608K, 60% used [0x0000000080000000,0x000000008283ce98,0x0000000084300000)
 Metaspace       used 59501K, committed 60800K, reserved 1114112K
  class space    used 6371K, committed 6912K, reserved 1048576K
}
Event: 16.356 GC heap after
{Heap after GC invocations=36 (full 3):
 PSYoungGen      total 20480K, used 1197K [0x00000000d5580000, 0x00000000d6b80000, 0x0000000100000000)
  eden space 18944K, 0% used [0x00000000d5580000,0x00000000d5580000,0x00000000d6800000)
  from space 1536K, 77% used [0x00000000d6900000,0x00000000d6a2b630,0x00000000d6a80000)
  to   space 1024K, 0% used [0x00000000d6a80000,0x00000000d6a80000,0x00000000d6b80000)
 ParOldGen       total 68608K, used 41211K [0x0000000080000000, 0x0000000084300000, 0x00000000d5580000)
  object space 68608K, 60% used [0x0000000080000000,0x000000008283ee98,0x0000000084300000)
 Metaspace       used 59501K, committed 60800K, reserved 1114112K
  class space    used 6371K, committed 6912K, reserved 1048576K
}
Event: 17.754 GC heap before
{Heap before GC invocations=37 (full 3):
 PSYoungGen      total 20480K, used 20132K [0x00000000d5580000, 0x00000000d6b80000, 0x0000000100000000)
  eden space 18944K, 99% used [0x00000000d5580000,0x00000000d67fdc08,0x00000000d6800000)
  from space 1536K, 77% used [0x00000000d6900000,0x00000000d6a2b630,0x00000000d6a80000)
  to   space 1024K, 0% used [0x00000000d6a80000,0x00000000d6a80000,0x00000000d6b80000)
 ParOldGen       total 68608K, used 41211K [0x0000000080000000, 0x0000000084300000, 0x00000000d5580000)
  object space 68608K, 60% used [0x0000000080000000,0x000000008283ee98,0x0000000084300000)
 Metaspace       used 60638K, committed 61952K, reserved 1114112K
  class space    used 6471K, committed 7040K, reserved 1048576K
}

